Analysis & Synthesis report for cpu
Mon Jul 02 16:02:52 2018
Quartus II 64-Bit Version 13.0.0 Build 156 04/24/2013 SJ Web Edition


---------------------
; Table of Contents ;
---------------------
  1. Legal Notice
  2. Analysis & Synthesis Summary
  3. Analysis & Synthesis Settings
  4. Parallel Compilation
  5. Analysis & Synthesis Source Files Read
  6. Analysis & Synthesis Resource Usage Summary
  7. Analysis & Synthesis Resource Utilization by Entity
  8. State Machine - |cpu|ctrl:controller|state
  9. Registers Removed During Synthesis
 10. Removed Registers Triggering Further Register Optimizations
 11. General Register Statistics
 12. Inverted Register Statistics
 13. Multiplexer Restructuring Statistics (Restructuring Performed)
 14. Elapsed Time Per Partition
 15. Analysis & Synthesis Messages



----------------
; Legal Notice ;
----------------
Copyright (C) 1991-2013 Altera Corporation
Your use of Altera Corporation's design tools, logic functions 
and other software and tools, and its AMPP partner logic 
functions, and any output files from any of the foregoing 
(including device programming or simulation files), and any 
associated documentation or information are expressly subject 
to the terms and conditions of the Altera Program License 
Subscription Agreement, Altera MegaCore Function License 
Agreement, or other applicable license agreement, including, 
without limitation, that your use is for the sole purpose of 
programming logic devices manufactured by Altera and sold by 
Altera or its authorized distributors.  Please refer to the 
applicable agreement for further details.



+---------------------------------------------------------------------------------+
; Analysis & Synthesis Summary                                                    ;
+------------------------------------+--------------------------------------------+
; Analysis & Synthesis Status        ; Successful - Mon Jul 02 16:02:52 2018      ;
; Quartus II 64-Bit Version          ; 13.0.0 Build 156 04/24/2013 SJ Web Edition ;
; Revision Name                      ; cpu                                        ;
; Top-level Entity Name              ; cpu                                        ;
; Family                             ; Cyclone II                                 ;
; Total logic elements               ; 142                                        ;
;     Total combinational functions  ; 85                                         ;
;     Dedicated logic registers      ; 102                                        ;
; Total registers                    ; 102                                        ;
; Total pins                         ; 45                                         ;
; Total virtual pins                 ; 0                                          ;
; Total memory bits                  ; 0                                          ;
; Embedded Multiplier 9-bit elements ; 0                                          ;
; Total PLLs                         ; 0                                          ;
+------------------------------------+--------------------------------------------+


+----------------------------------------------------------------------------------------------------------------------+
; Analysis & Synthesis Settings                                                                                        ;
+----------------------------------------------------------------------------+--------------------+--------------------+
; Option                                                                     ; Setting            ; Default Value      ;
+----------------------------------------------------------------------------+--------------------+--------------------+
; Device                                                                     ; EP2C35F672C6       ;                    ;
; Top-level entity name                                                      ; cpu                ; cpu                ;
; Family name                                                                ; Cyclone II         ; Cyclone IV GX      ;
; Use smart compilation                                                      ; Off                ; Off                ;
; Enable parallel Assembler and TimeQuest Timing Analyzer during compilation ; On                 ; On                 ;
; Enable compact report table                                                ; Off                ; Off                ;
; Restructure Multiplexers                                                   ; Auto               ; Auto               ;
; Create Debugging Nodes for IP Cores                                        ; Off                ; Off                ;
; Preserve fewer node names                                                  ; On                 ; On                 ;
; Disable OpenCore Plus hardware evaluation                                  ; Off                ; Off                ;
; Verilog Version                                                            ; Verilog_2001       ; Verilog_2001       ;
; VHDL Version                                                               ; VHDL_1993          ; VHDL_1993          ;
; State Machine Processing                                                   ; Auto               ; Auto               ;
; Safe State Machine                                                         ; Off                ; Off                ;
; Extract Verilog State Machines                                             ; On                 ; On                 ;
; Extract VHDL State Machines                                                ; On                 ; On                 ;
; Ignore Verilog initial constructs                                          ; Off                ; Off                ;
; Iteration limit for constant Verilog loops                                 ; 5000               ; 5000               ;
; Iteration limit for non-constant Verilog loops                             ; 250                ; 250                ;
; Add Pass-Through Logic to Inferred RAMs                                    ; On                 ; On                 ;
; Infer RAMs from Raw Logic                                                  ; On                 ; On                 ;
; Parallel Synthesis                                                         ; On                 ; On                 ;
; DSP Block Balancing                                                        ; Auto               ; Auto               ;
; NOT Gate Push-Back                                                         ; On                 ; On                 ;
; Power-Up Don't Care                                                        ; On                 ; On                 ;
; Remove Redundant Logic Cells                                               ; Off                ; Off                ;
; Remove Duplicate Registers                                                 ; On                 ; On                 ;
; Ignore CARRY Buffers                                                       ; Off                ; Off                ;
; Ignore CASCADE Buffers                                                     ; Off                ; Off                ;
; Ignore GLOBAL Buffers                                                      ; Off                ; Off                ;
; Ignore ROW GLOBAL Buffers                                                  ; Off                ; Off                ;
; Ignore LCELL Buffers                                                       ; Off                ; Off                ;
; Ignore SOFT Buffers                                                        ; On                 ; On                 ;
; Limit AHDL Integers to 32 Bits                                             ; Off                ; Off                ;
; Optimization Technique                                                     ; Balanced           ; Balanced           ;
; Carry Chain Length                                                         ; 70                 ; 70                 ;
; Auto Carry Chains                                                          ; On                 ; On                 ;
; Auto Open-Drain Pins                                                       ; On                 ; On                 ;
; Perform WYSIWYG Primitive Resynthesis                                      ; Off                ; Off                ;
; Auto ROM Replacement                                                       ; On                 ; On                 ;
; Auto RAM Replacement                                                       ; On                 ; On                 ;
; Auto Shift Register Replacement                                            ; Auto               ; Auto               ;
; Allow Shift Register Merging across Hierarchies                            ; Auto               ; Auto               ;
; Auto Clock Enable Replacement                                              ; On                 ; On                 ;
; Strict RAM Replacement                                                     ; Off                ; Off                ;
; Allow Synchronous Control Signals                                          ; On                 ; On                 ;
; Force Use of Synchronous Clear Signals                                     ; Off                ; Off                ;
; Auto RAM to Logic Cell Conversion                                          ; Off                ; Off                ;
; Auto Resource Sharing                                                      ; Off                ; Off                ;
; Allow Any RAM Size For Recognition                                         ; Off                ; Off                ;
; Allow Any ROM Size For Recognition                                         ; Off                ; Off                ;
; Allow Any Shift Register Size For Recognition                              ; Off                ; Off                ;
; Use LogicLock Constraints during Resource Balancing                        ; On                 ; On                 ;
; Ignore translate_off and synthesis_off directives                          ; Off                ; Off                ;
; Timing-Driven Synthesis                                                    ; Off                ; Off                ;
; Report Parameter Settings                                                  ; On                 ; On                 ;
; Report Source Assignments                                                  ; On                 ; On                 ;
; Report Connectivity Checks                                                 ; On                 ; On                 ;
; Ignore Maximum Fan-Out Assignments                                         ; Off                ; Off                ;
; Synchronization Register Chain Length                                      ; 2                  ; 2                  ;
; PowerPlay Power Optimization                                               ; Normal compilation ; Normal compilation ;
; HDL message level                                                          ; Level2             ; Level2             ;
; Suppress Register Optimization Related Messages                            ; Off                ; Off                ;
; Number of Removed Registers Reported in Synthesis Report                   ; 5000               ; 5000               ;
; Number of Swept Nodes Reported in Synthesis Report                         ; 5000               ; 5000               ;
; Number of Inverted Registers Reported in Synthesis Report                  ; 100                ; 100                ;
; Clock MUX Protection                                                       ; On                 ; On                 ;
; Auto Gated Clock Conversion                                                ; Off                ; Off                ;
; Block Design Naming                                                        ; Auto               ; Auto               ;
; SDC constraint protection                                                  ; Off                ; Off                ;
; Synthesis Effort                                                           ; Auto               ; Auto               ;
; Shift Register Replacement - Allow Asynchronous Clear Signal               ; On                 ; On                 ;
; Pre-Mapping Resynthesis Optimization                                       ; Off                ; Off                ;
; Analysis & Synthesis Message Level                                         ; Medium             ; Medium             ;
; Disable Register Merging Across Hierarchies                                ; Auto               ; Auto               ;
; Resource Aware Inference For Block RAM                                     ; On                 ; On                 ;
; Synthesis Seed                                                             ; 1                  ; 1                  ;
+----------------------------------------------------------------------------+--------------------+--------------------+


Parallel compilation was disabled, but you have multiple processors available. Enable parallel compilation to reduce compilation time.
+-------------------------------------+
; Parallel Compilation                ;
+----------------------------+--------+
; Processors                 ; Number ;
+----------------------------+--------+
; Number detected on machine ; 4      ;
; Maximum allowed            ; 1      ;
+----------------------------+--------+


+-------------------------------------------------------------------------------------------------------------------------------+
; Analysis & Synthesis Source Files Read                                                                                        ;
+----------------------------------+-----------------+-----------------+----------------------------------------------+---------+
; File Name with User-Entered Path ; Used in Netlist ; File Type       ; File Name with Absolute Path                 ; Library ;
+----------------------------------+-----------------+-----------------+----------------------------------------------+---------+
; cpu.vhd                          ; yes             ; User VHDL File  ; C:/Users/Aluno/Desktop/Processador6/cpu.vhd  ;         ;
; ctrl.vhd                         ; yes             ; User VHDL File  ; C:/Users/Aluno/Desktop/Processador6/ctrl.vhd ;         ;
; dp.vhd                           ; yes             ; User VHDL File  ; C:/Users/Aluno/Desktop/Processador6/dp.vhd   ;         ;
+----------------------------------+-----------------+-----------------+----------------------------------------------+---------+


+-----------------------------------------------------+
; Analysis & Synthesis Resource Usage Summary         ;
+---------------------------------------------+-------+
; Resource                                    ; Usage ;
+---------------------------------------------+-------+
; Estimated Total logic elements              ; 142   ;
;                                             ;       ;
; Total combinational functions               ; 85    ;
; Logic element usage by number of LUT inputs ;       ;
;     -- 4 input functions                    ; 38    ;
;     -- 3 input functions                    ; 26    ;
;     -- <=2 input functions                  ; 21    ;
;                                             ;       ;
; Logic elements by mode                      ;       ;
;     -- normal mode                          ; 80    ;
;     -- arithmetic mode                      ; 5     ;
;                                             ;       ;
; Total registers                             ; 102   ;
;     -- Dedicated logic registers            ; 102   ;
;     -- I/O registers                        ; 0     ;
;                                             ;       ;
; I/O pins                                    ; 45    ;
; Embedded Multiplier 9-bit elements          ; 0     ;
; Maximum fan-out node                        ; clk   ;
; Maximum fan-out                             ; 102   ;
; Total fan-out                               ; 622   ;
; Average fan-out                             ; 2.68  ;
+---------------------------------------------+-------+


+-----------------------------------------------------------------------------------------------------------------------------------------------------------------------------------+
; Analysis & Synthesis Resource Utilization by Entity                                                                                                                               ;
+----------------------------+-------------------+--------------+-------------+--------------+---------+-----------+------+--------------+---------------------------+--------------+
; Compilation Hierarchy Node ; LC Combinationals ; LC Registers ; Memory Bits ; DSP Elements ; DSP 9x9 ; DSP 18x18 ; Pins ; Virtual Pins ; Full Hierarchy Name       ; Library Name ;
+----------------------------+-------------------+--------------+-------------+--------------+---------+-----------+------+--------------+---------------------------+--------------+
; |cpu                       ; 85 (0)            ; 102 (35)     ; 0           ; 0            ; 0       ; 0         ; 45   ; 0            ; |cpu                      ;              ;
;    |conversor:c1|          ; 8 (8)             ; 0 (0)        ; 0           ; 0            ; 0       ; 0         ; 0    ; 0            ; |cpu|conversor:c1         ;              ;
;    |ctrl:controller|       ; 34 (34)           ; 23 (23)      ; 0           ; 0            ; 0       ; 0         ; 0    ; 0            ; |cpu|ctrl:controller      ;              ;
;    |display:d1|            ; 2 (2)             ; 0 (0)        ; 0           ; 0            ; 0       ; 0         ; 0    ; 0            ; |cpu|display:d1           ;              ;
;    |dp:datapath|           ; 41 (16)           ; 44 (16)      ; 0           ; 0            ; 0       ; 0         ; 0    ; 0            ; |cpu|dp:datapath          ;              ;
;       |acc:acc1|           ; 0 (0)             ; 4 (4)        ; 0           ; 0            ; 0       ; 0         ; 0    ; 0            ; |cpu|dp:datapath|acc:acc1 ;              ;
;       |alu:alu1|           ; 13 (13)           ; 4 (4)        ; 0           ; 0            ; 0       ; 0         ; 0    ; 0            ; |cpu|dp:datapath|alu:alu1 ;              ;
;       |rf:rf1|             ; 12 (12)           ; 20 (20)      ; 0           ; 0            ; 0       ; 0         ; 0    ; 0            ; |cpu|dp:datapath|rf:rf1   ;              ;
+----------------------------+-------------------+--------------+-------------+--------------+---------+-----------+------+--------------+---------------------------+--------------+
Note: For table entries with two numbers listed, the numbers in parentheses indicate the number of resources of the given type used by the specific entity alone. The numbers listed outside of parentheses indicate the total resources of the given type used by the specific entity and all of its sub-entities in the hierarchy.


Encoding Type:  One-Hot
+---------------------------------------------------------------------+
; State Machine - |cpu|ctrl:controller|state                          ;
+------------+------------+----------+----------+----------+----------+
; Name       ; state.done ; state.s3 ; state.s2 ; state.s1 ; state.s0 ;
+------------+------------+----------+----------+----------+----------+
; state.s0   ; 0          ; 0        ; 0        ; 0        ; 0        ;
; state.s1   ; 0          ; 0        ; 0        ; 1        ; 1        ;
; state.s2   ; 0          ; 0        ; 1        ; 0        ; 1        ;
; state.s3   ; 0          ; 1        ; 0        ; 0        ; 1        ;
; state.done ; 1          ; 0        ; 0        ; 0        ; 1        ;
+------------+------------+----------+----------+----------+----------+


+---------------------------------------------------------------------------------+
; Registers Removed During Synthesis                                              ;
+----------------------------------------+----------------------------------------+
; Register name                          ; Reason for Removal                     ;
+----------------------------------------+----------------------------------------+
; conversor_hex5[6]~reg0                 ; Stuck at VCC due to stuck port data_in ;
; conversor_hex5[2]~reg0                 ; Stuck at GND due to stuck port data_in ;
; conversor_hex5[1]~reg0                 ; Stuck at GND due to stuck port data_in ;
; display_hex0[6]~reg0                   ; Stuck at VCC due to stuck port data_in ;
; display_hex1[6]~reg0                   ; Stuck at VCC due to stuck port data_in ;
; display_hex2[6]~reg0                   ; Stuck at VCC due to stuck port data_in ;
; display_hex3[6]~reg0                   ; Stuck at VCC due to stuck port data_in ;
; ctrl:controller|OPCODE[2]              ; Stuck at GND due to stuck port data_in ;
; ctrl:controller|imm[2]                 ; Merged with ctrl:controller|imm[0]     ;
; ctrl:controller|ADDRESS[2]             ; Merged with ctrl:controller|ADDRESS[0] ;
; ctrl:controller|select_OP[2]           ; Stuck at GND due to stuck port data_in ;
; ctrl:controller|enable_CC              ; Stuck at VCC due to stuck port data_in ;
; dp:datapath|acc:acc1|temp[0..3]        ; Lost fanout                            ;
; ctrl:controller|PC[3..31]              ; Lost fanout                            ;
; Total Number of Removed Registers = 45 ;                                        ;
+----------------------------------------+----------------------------------------+


+---------------------------------------------------------------------------------------------------------------------------------+
; Removed Registers Triggering Further Register Optimizations                                                                     ;
+---------------------------+---------------------------+-------------------------------------------------------------------------+
; Register name             ; Reason for Removal        ; Registers Removed due to This Register                                  ;
+---------------------------+---------------------------+-------------------------------------------------------------------------+
; ctrl:controller|PC[31]    ; Lost Fanouts              ; ctrl:controller|PC[30], ctrl:controller|PC[29], ctrl:controller|PC[28], ;
;                           ;                           ; ctrl:controller|PC[27], ctrl:controller|PC[26], ctrl:controller|PC[25], ;
;                           ;                           ; ctrl:controller|PC[24], ctrl:controller|PC[23], ctrl:controller|PC[22], ;
;                           ;                           ; ctrl:controller|PC[21], ctrl:controller|PC[20], ctrl:controller|PC[19], ;
;                           ;                           ; ctrl:controller|PC[18], ctrl:controller|PC[17], ctrl:controller|PC[16], ;
;                           ;                           ; ctrl:controller|PC[15], ctrl:controller|PC[14], ctrl:controller|PC[13], ;
;                           ;                           ; ctrl:controller|PC[12], ctrl:controller|PC[11], ctrl:controller|PC[10], ;
;                           ;                           ; ctrl:controller|PC[9], ctrl:controller|PC[8], ctrl:controller|PC[7],    ;
;                           ;                           ; ctrl:controller|PC[6], ctrl:controller|PC[5], ctrl:controller|PC[4],    ;
;                           ;                           ; ctrl:controller|PC[3]                                                   ;
; ctrl:controller|OPCODE[2] ; Stuck at GND              ; ctrl:controller|select_OP[2], ctrl:controller|enable_CC                 ;
;                           ; due to stuck port data_in ;                                                                         ;
+---------------------------+---------------------------+-------------------------------------------------------------------------+


+------------------------------------------------------+
; General Register Statistics                          ;
+----------------------------------------------+-------+
; Statistic                                    ; Value ;
+----------------------------------------------+-------+
; Total registers                              ; 102   ;
; Number of registers using Synchronous Clear  ; 0     ;
; Number of registers using Synchronous Load   ; 4     ;
; Number of registers using Asynchronous Clear ; 26    ;
; Number of registers using Asynchronous Load  ; 0     ;
; Number of registers using Clock Enable       ; 82    ;
; Number of registers using Preset             ; 0     ;
+----------------------------------------------+-------+


+--------------------------------------------------+
; Inverted Register Statistics                     ;
+----------------------------------------+---------+
; Inverted Register                      ; Fan out ;
+----------------------------------------+---------+
; conversor_hex4[6]~reg0                 ; 1       ;
; ctrl:controller|PC[0]                  ; 7       ;
; Total number of inverted registers = 2 ;         ;
+----------------------------------------+---------+


+---------------------------------------------------------------------------------------------------------------------------------------------------+
; Multiplexer Restructuring Statistics (Restructuring Performed)                                                                                    ;
+--------------------+-----------+---------------+----------------------+------------------------+------------+-------------------------------------+
; Multiplexer Inputs ; Bus Width ; Baseline Area ; Area if Restructured ; Saving if Restructured ; Registered ; Example Multiplexer Output          ;
+--------------------+-----------+---------------+----------------------+------------------------+------------+-------------------------------------+
; 4:1                ; 2 bits    ; 4 LEs         ; 4 LEs                ; 0 LEs                  ; Yes        ; |cpu|ctrl:controller|select_OP[3]   ;
; 4:1                ; 4 bits    ; 8 LEs         ; 8 LEs                ; 0 LEs                  ; Yes        ; |cpu|dp:datapath|rf:rf1|output[1]   ;
; 8:1                ; 2 bits    ; 10 LEs        ; 4 LEs                ; 6 LEs                  ; Yes        ; |cpu|ctrl:controller|enable_RF      ;
; 8:1                ; 2 bits    ; 10 LEs        ; 0 LEs                ; 10 LEs                 ; Yes        ; |cpu|ctrl:controller|select_RF[1]   ;
; 4:1                ; 4 bits    ; 8 LEs         ; 0 LEs                ; 8 LEs                  ; Yes        ; |cpu|dp:datapath|entrada_acc[3]     ;
; 4:1                ; 30 bits   ; 60 LEs        ; 30 LEs               ; 30 LEs                 ; Yes        ; |cpu|ctrl:controller|PC[12]         ;
; 5:1                ; 4 bits    ; 12 LEs        ; 4 LEs                ; 8 LEs                  ; Yes        ; |cpu|dp:datapath|entrada2_alu[3]    ;
; 7:1                ; 4 bits    ; 16 LEs        ; 8 LEs                ; 8 LEs                  ; Yes        ; |cpu|dp:datapath|entrada1_alu[3]    ;
; 7:1                ; 4 bits    ; 16 LEs        ; 12 LEs               ; 4 LEs                  ; Yes        ; |cpu|dp:datapath|alu:alu1|output[3] ;
; 4:1                ; 2 bits    ; 4 LEs         ; 2 LEs                ; 2 LEs                  ; Yes        ; |cpu|ctrl:controller|PC[31]         ;
+--------------------+-----------+---------------+----------------------+------------------------+------------+-------------------------------------+


+-------------------------------+
; Elapsed Time Per Partition    ;
+----------------+--------------+
; Partition Name ; Elapsed Time ;
+----------------+--------------+
; Top            ; 00:00:00     ;
+----------------+--------------+


+-------------------------------+
; Analysis & Synthesis Messages ;
+-------------------------------+
Info: *******************************************************************
Info: Running Quartus II 64-Bit Analysis & Synthesis
    Info: Version 13.0.0 Build 156 04/24/2013 SJ Web Edition
    Info: Processing started: Mon Jul 02 16:02:49 2018
Info: Command: quartus_map --read_settings_files=on --write_settings_files=off cpu -c cpu
Warning (20028): Parallel compilation is not licensed and has been disabled
Info (12021): Found 6 design units, including 3 entities, in source file cpu.vhd
    Info (12022): Found design unit 1: display-estrutura
    Info (12022): Found design unit 2: conversor-funcionamento
    Info (12022): Found design unit 3: cpu-struc
    Info (12023): Found entity 1: display
    Info (12023): Found entity 2: conversor
    Info (12023): Found entity 3: cpu
Info (12021): Found 2 design units, including 1 entities, in source file ctrl.vhd
    Info (12022): Found design unit 1: ctrl-fsm
    Info (12023): Found entity 1: ctrl
Info (12021): Found 8 design units, including 4 entities, in source file dp.vhd
    Info (12022): Found design unit 1: alu-bhv
    Info (12022): Found design unit 2: acc-bhv
    Info (12022): Found design unit 3: rf-bhv
    Info (12022): Found design unit 4: dp-rtl2
    Info (12023): Found entity 1: alu
    Info (12023): Found entity 2: acc
    Info (12023): Found entity 3: rf
    Info (12023): Found entity 4: dp
Info (12127): Elaborating entity "cpu" for the top level hierarchy
Info (12128): Elaborating entity "ctrl" for hierarchy "ctrl:controller"
Info (12128): Elaborating entity "dp" for hierarchy "dp:datapath"
Info (12128): Elaborating entity "alu" for hierarchy "dp:datapath|alu:alu1"
Info (12128): Elaborating entity "rf" for hierarchy "dp:datapath|rf:rf1"
Info (12128): Elaborating entity "acc" for hierarchy "dp:datapath|acc:acc1"
Info (12128): Elaborating entity "display" for hierarchy "display:d1"
Info (12128): Elaborating entity "conversor" for hierarchy "conversor:c1"
Info (13000): Registers with preset signals will power-up high
Info (13003): DEV_CLRn pin will set, and not reset, register with preset signal due to NOT Gate Push-Back
Warning (13024): Output pins are stuck at VCC or GND
    Warning (13410): Pin "display_hex0[6]" is stuck at VCC
    Warning (13410): Pin "display_hex1[6]" is stuck at VCC
    Warning (13410): Pin "display_hex2[6]" is stuck at VCC
    Warning (13410): Pin "display_hex3[6]" is stuck at VCC
    Warning (13410): Pin "conversor_hex5[1]" is stuck at GND
    Warning (13410): Pin "conversor_hex5[2]" is stuck at GND
    Warning (13410): Pin "conversor_hex5[6]" is stuck at VCC
Info (17049): 33 registers lost all their fanouts during netlist optimizations.
Info (16010): Generating hard_block partition "hard_block:auto_generated_inst"
    Info (16011): Adding 0 node(s), including 0 DDIO, 0 PLL, 0 transceiver and 0 LCELL
Info (21057): Implemented 190 device resources after synthesis - the final resource count might be different
    Info (21058): Implemented 3 input pins
    Info (21059): Implemented 42 output pins
    Info (21061): Implemented 145 logic cells
Info: Quartus II 64-Bit Analysis & Synthesis was successful. 0 errors, 9 warnings
    Info: Peak virtual memory: 489 megabytes
    Info: Processing ended: Mon Jul 02 16:02:52 2018
    Info: Elapsed time: 00:00:03
    Info: Total CPU time (on all processors): 00:00:02


